  Source.cpp
C:\Users\maria\source\repos\VectorImplementation\VectorImplementation\Source.cpp(16,20): warning C4018: '<': signed/unsigned mismatch
C:\Users\maria\source\repos\VectorImplementation\VectorImplementation\Source.cpp(41,20): warning C4018: '<': signed/unsigned mismatch
C:\Users\maria\source\repos\VectorImplementation\VectorImplementation\Source.cpp(46,20): warning C4018: '<': signed/unsigned mismatch
C:\Users\maria\source\repos\VectorImplementation\VectorImplementation\Source.cpp(68,20): warning C4018: '<': signed/unsigned mismatch
C:\Users\maria\source\repos\VectorImplementation\VectorImplementation\Source.cpp(91,20): warning C4018: '<': signed/unsigned mismatch
C:\Users\maria\source\repos\VectorImplementation\VectorImplementation\Source.cpp(121,20): warning C4018: '<': signed/unsigned mismatch
C:\Users\maria\source\repos\VectorImplementation\VectorImplementation\Vector.h(77,25): warning C4244: '=': conversion from 'double' to 'size_t', possible loss of data
C:\Users\maria\source\repos\VectorImplementation\VectorImplementation\Vector.h(74): message : while compiling class template member function 'Vector<int>::Vector(size_t,T)'
          with
          [
              T=int
          ]
C:\Users\maria\source\repos\VectorImplementation\VectorImplementation\Source.cpp(8): message : see reference to function template instantiation 'Vector<int>::Vector(size_t,T)' being compiled
          with
          [
              T=int
          ]
C:\Users\maria\source\repos\VectorImplementation\VectorImplementation\Source.cpp(8): message : see reference to class template instantiation 'Vector<int>' being compiled
C:\Users\maria\source\repos\VectorImplementation\VectorImplementation\Vector.h(122,28): warning C4018: '>=': signed/unsigned mismatch
C:\Users\maria\source\repos\VectorImplementation\VectorImplementation\Vector.h(121): message : while compiling class template member function 'const T &Vector<T>::at(int) const'
          with
          [
              T=int
          ]
C:\Users\maria\source\repos\VectorImplementation\VectorImplementation\Source.cpp(42): message : see reference to function template instantiation 'const T &Vector<T>::at(int) const' being compiled
          with
          [
              T=int
          ]
C:\Users\maria\source\repos\VectorImplementation\VectorImplementation\Vector.h(113,28): warning C4018: '>=': signed/unsigned mismatch
C:\Users\maria\source\repos\VectorImplementation\VectorImplementation\Vector.h(112): message : while compiling class template member function 'T &Vector<T>::at(int)'
          with
          [
              T=int
          ]
C:\Users\maria\source\repos\VectorImplementation\VectorImplementation\Source.cpp(69): message : see reference to function template instantiation 'T &Vector<T>::at(int)' being compiled
          with
          [
              T=int
          ]
C:\Users\maria\source\repos\VectorImplementation\VectorImplementation\Vector.h(161,25): warning C4244: '=': conversion from 'double' to 'size_t', possible loss of data
C:\Users\maria\source\repos\VectorImplementation\VectorImplementation\Vector.h(160): message : while compiling class template member function 'void Vector<int>::resize(size_t,T)'
          with
          [
              T=int
          ]
C:\Users\maria\source\repos\VectorImplementation\VectorImplementation\Source.cpp(21): message : see reference to function template instantiation 'void Vector<int>::resize(size_t,T)' being compiled
          with
          [
              T=int
          ]
C:\Users\maria\source\repos\VectorImplementation\VectorImplementation\Vector.h(54): warning C4715: 'Vector<int>::back': not all control paths return a value
C:\Users\maria\source\repos\VectorImplementation\VectorImplementation\Vector.h(54): warning C4715: 'Vector<char>::back': not all control paths return a value
C:\Users\maria\source\repos\VectorImplementation\VectorImplementation\Vector.h(53): warning C4715: 'Vector<int>::front': not all control paths return a value
C:\Users\maria\source\repos\VectorImplementation\VectorImplementation\Vector.h(53): warning C4715: 'Vector<char>::front': not all control paths return a value
  VectorImplementation.vcxproj -> C:\Users\maria\source\repos\VectorImplementation\Debug\VectorImplementation.exe
