c:\users\maria\source\repos\vectorimplementation\vectorimplementation\debug\vc142.pdb
c:\users\maria\source\repos\vectorimplementation\vectorimplementation\debug\vc142.idb
c:\users\maria\source\repos\vectorimplementation\vectorimplementation\debug\source.obj
c:\users\maria\source\repos\vectorimplementation\vectorimplementation\debug\account.obj
c:\users\maria\source\repos\vectorimplementation\debug\vectorimplementation.pdb
c:\users\maria\source\repos\vectorimplementation\vectorimplementation\debug\vectorim.eebd268b.tlog\cl.command.1.tlog
c:\users\maria\source\repos\vectorimplementation\vectorimplementation\debug\vectorim.eebd268b.tlog\cl.read.1.tlog
c:\users\maria\source\repos\vectorimplementation\vectorimplementation\debug\vectorim.eebd268b.tlog\cl.write.1.tlog
c:\users\maria\source\repos\vectorimplementation\vectorimplementation\debug\vectorim.eebd268b.tlog\link-cvtres.read.1.tlog
c:\users\maria\source\repos\vectorimplementation\vectorimplementation\debug\vectorim.eebd268b.tlog\link-cvtres.write.1.tlog
c:\users\maria\source\repos\vectorimplementation\vectorimplementation\debug\vectorim.eebd268b.tlog\link-rc.read.1.tlog
c:\users\maria\source\repos\vectorimplementation\vectorimplementation\debug\vectorim.eebd268b.tlog\link-rc.write.1.tlog
c:\users\maria\source\repos\vectorimplementation\vectorimplementation\debug\vectorim.eebd268b.tlog\link.6396-cvtres.read.1.tlog
c:\users\maria\source\repos\vectorimplementation\vectorimplementation\debug\vectorim.eebd268b.tlog\link.6396-cvtres.write.1.tlog
c:\users\maria\source\repos\vectorimplementation\vectorimplementation\debug\vectorim.eebd268b.tlog\link.6396-rc.read.1.tlog
c:\users\maria\source\repos\vectorimplementation\vectorimplementation\debug\vectorim.eebd268b.tlog\link.6396-rc.write.1.tlog
c:\users\maria\source\repos\vectorimplementation\vectorimplementation\debug\vectorim.eebd268b.tlog\link.6396.read.1.tlog
c:\users\maria\source\repos\vectorimplementation\vectorimplementation\debug\vectorim.eebd268b.tlog\link.6396.write.1.tlog
c:\users\maria\source\repos\vectorimplementation\vectorimplementation\debug\vectorim.eebd268b.tlog\link.command.1.tlog
c:\users\maria\source\repos\vectorimplementation\vectorimplementation\debug\vectorim.eebd268b.tlog\link.read.1.tlog
c:\users\maria\source\repos\vectorimplementation\vectorimplementation\debug\vectorim.eebd268b.tlog\link.write.1.tlog
